Using pre-set license
Built from '2020.3/staging' branch; Version is '2020.3.25f1 (9b9180224418) revision 10195328'; Using compiler version '192528614'; Build Type 'Release'
OS: 'Windows 10  (10.0.19044) 64bit Core' Language: 'en' Physical Memory: 32635 MB
BatchMode: 1, IsHumanControllingUs: 0, StartBugReporterOnCrash: 0, Is64bit: 1, IsPro: 0

COMMAND LINE ARGUMENTS:
E:\Unity\2020.3.25f1\Editor\Unity.exe
-adb2
-batchMode
-noUpm
-name
AssetImportWorker0
-projectPath
E:/Cassandra/university/coding/CART315-Iterative-Prototype/Iterative_Prototype
-logFile
Logs/AssetImportWorker0.log
-srvPort
54712
Successfully changed project path to: E:/Cassandra/university/coding/CART315-Iterative-Prototype/Iterative_Prototype
E:/Cassandra/university/coding/CART315-Iterative-Prototype/Iterative_Prototype
Using Asset Import Pipeline V2.
Refreshing native plugins compatible for Editor in 36.28 ms, found 2 plugins.
Preloading 0 native plugins for Editor in 0.00 ms.
Initialize engine version: 2020.3.25f1 (9b9180224418)
[Subsystems] Discovering subsystems at path E:/Unity/2020.3.25f1/Editor/Data/Resources/UnitySubsystems
[Subsystems] Discovering subsystems at path E:/Cassandra/university/coding/CART315-Iterative-Prototype/Iterative_Prototype/Assets
GfxDevice: creating device client; threaded=0
Direct3D:
    Version:  Direct3D 11.0 [level 11.1]
    Renderer: NVIDIA GeForce GTX 1660 SUPER (ID=0x21c4)
    Vendor:   
    VRAM:     5992 MB
    Driver:   30.0.15.1179
Initialize mono
Mono path[0] = 'E:/Unity/2020.3.25f1/Editor/Data/Managed'
Mono path[1] = 'E:/Unity/2020.3.25f1/Editor/Data/MonoBleedingEdge/lib/mono/unityjit'
Mono config path = 'E:/Unity/2020.3.25f1/Editor/Data/MonoBleedingEdge/etc'
Using monoOptions --debugger-agent=transport=dt_socket,embedding=1,server=y,suspend=n,address=127.0.0.1:56508
Begin MonoManager ReloadAssembly
Registering precompiled unity dll's ...
Register platform support module: E:/Unity/2020.3.25f1/Editor/Data/PlaybackEngines/MacStandaloneSupport/UnityEditor.OSXStandalone.Extensions.dll
Register platform support module: E:/Unity/2020.3.25f1/Editor/Data/PlaybackEngines/WindowsStandaloneSupport/UnityEditor.WindowsStandalone.Extensions.dll
Registered in 0.000709 seconds.
Native extension for WindowsStandalone target not found
Native extension for OSXStandalone target not found
Refreshing native plugins compatible for Editor in 36.56 ms, found 2 plugins.
Preloading 0 native plugins for Editor in 0.00 ms.
Mono: successfully reloaded assembly
- Completed reload, in  0.358 seconds
Domain Reload Profiling:
	ReloadAssembly (358ms)
		BeginReloadAssembly (30ms)
			ExecutionOrderSort (0ms)
			DisableScriptedObjects (0ms)
			BackupInstance (0ms)
			ReleaseScriptingObjects (0ms)
			CreateAndSetChildDomain (1ms)
		EndReloadAssembly (286ms)
			LoadAssemblies (30ms)
			RebuildTransferFunctionScriptingTraits (0ms)
			SetupTypeCache (88ms)
			ReleaseScriptCaches (0ms)
			RebuildScriptCaches (19ms)
			SetupLoadedEditorAssemblies (117ms)
				LogAssemblyErrors (0ms)
				InitializePlatformSupportModulesInManaged (3ms)
				SetLoadedEditorAssemblies (0ms)
				RefreshPlugins (37ms)
				BeforeProcessingInitializeOnLoad (6ms)
				ProcessInitializeOnLoadAttributes (54ms)
				ProcessInitializeOnLoadMethodAttributes (18ms)
				AfterProcessingInitializeOnLoad (0ms)
				EditorAssembliesLoaded (0ms)
			ExecutionOrderSort2 (0ms)
			AwakeInstancesAfterBackupRestoration (0ms)
Platform modules already initialized, skipping
Registering precompiled user dll's ...
Registered in 0.002030 seconds.
Begin MonoManager ReloadAssembly
Native extension for WindowsStandalone target not found
Native extension for OSXStandalone target not found
Refreshing native plugins compatible for Editor in 34.85 ms, found 2 plugins.
Preloading 0 native plugins for Editor in 0.00 ms.
Mono: successfully reloaded assembly
- Completed reload, in  0.703 seconds
Domain Reload Profiling:
	ReloadAssembly (704ms)
		BeginReloadAssembly (85ms)
			ExecutionOrderSort (0ms)
			DisableScriptedObjects (3ms)
			BackupInstance (0ms)
			ReleaseScriptingObjects (0ms)
			CreateAndSetChildDomain (12ms)
		EndReloadAssembly (585ms)
			LoadAssemblies (55ms)
			RebuildTransferFunctionScriptingTraits (0ms)
			SetupTypeCache (195ms)
			ReleaseScriptCaches (0ms)
			RebuildScriptCaches (31ms)
			SetupLoadedEditorAssemblies (220ms)
				LogAssemblyErrors (0ms)
				InitializePlatformSupportModulesInManaged (3ms)
				SetLoadedEditorAssemblies (0ms)
				RefreshPlugins (35ms)
				BeforeProcessingInitializeOnLoad (45ms)
				ProcessInitializeOnLoadAttributes (128ms)
				ProcessInitializeOnLoadMethodAttributes (8ms)
				AfterProcessingInitializeOnLoad (1ms)
				EditorAssembliesLoaded (0ms)
			ExecutionOrderSort2 (0ms)
			AwakeInstancesAfterBackupRestoration (4ms)
Platform modules already initialized, skipping
========================================================================
Worker process is ready to serve import requests
Launched and connected shader compiler UnityShaderCompiler.exe after 0.03 seconds
Refreshing native plugins compatible for Editor in 0.38 ms, found 2 plugins.
Preloading 0 native plugins for Editor in 0.00 ms.
Unloading 2966 Unused Serialized files (Serialized files now loaded: 0)
System memory in use before: 134.4 MB.
System memory in use after: 134.6 MB.

Unloading 20 unused Assets to reduce memory usage. Loaded Objects now: 3401.
Total: 1.993400 ms (FindLiveObjects: 0.149300 ms CreateObjectMapping: 0.066600 ms MarkObjects: 1.729400 ms  DeleteObjects: 0.047400 ms)

AssetImportParameters requested are different than current active one (requested -> active):
  custom:framework-win-MediaFoundation: 216162199b28c13a410421893ffa2e32 -> 
  custom:video-decoder-ogg-theora: a1e56fd34408186e4bbccfd4996cb3dc -> 
  custom:container-muxer-webm: aa71ff27fc2769a1b78a27578f13a17b -> 
  custom:container-demuxer-webm: 4f35f7cbe854078d1ac9338744f61a02 -> 
  custom:container-demuxer-ogg: 62fdf1f143b41e24485cea50d1cbac27 -> 
  custom:video-encoder-webm-vp8: eb34c28f22e8b96e1ab97ce403110664 -> 
  custom:video-codec-MediaFoundation-h265: e54d7ab0439102e2317fc1e4b246158d -> 
  custom:video-decoder-webm-vp8: 9c59270c3fd7afecdb556c50c9e8de78 -> 
  custom:audio-decoder-ogg-vorbis: bf7c407c2cedff20999df2af8eb42d56 -> 
  custom:audio-encoder-webm-vorbis: bf7c407c2cedff20999df2af8eb42d56 -> 
========================================================================
Received Import Request.
  path: Assets/Shaders/NewUnlitShader.shader
  artifactKey: Guid(cc0968332c3ba5e45ba22cdac69a8b5b) Importer(815301076,1909f56bfc062723c751e8b465ee728b)
Start importing Assets/Shaders/NewUnlitShader.shader using Guid(cc0968332c3ba5e45ba22cdac69a8b5b) Importer(815301076,1909f56bfc062723c751e8b465ee728b)  -> (artifact id: '6ea9a83fd6517ad6d7d0aa0986256b81') in 0.027290 seconds 
  Import took 0.030503 seconds .

========================================================================
Received Import Request.
  Time since last request: 0.000257 seconds.
  path: Assets/Shaders/Character_Shader.shadergraph
  artifactKey: Guid(c4c290d39020de64daf199151bae015e) Importer(815301076,1909f56bfc062723c751e8b465ee728b)
Start importing Assets/Shaders/Character_Shader.shadergraph using Guid(c4c290d39020de64daf199151bae015e) Importer(815301076,1909f56bfc062723c751e8b465ee728b)  -> (artifact id: '34ee8b7a7e054c2b0d0899230caac53e') in 0.005550 seconds 
  Import took 0.008848 seconds .

========================================================================
Received Import Request.
  Time since last request: 274.639825 seconds.
  path: Assets/Shaders/New Shader Graph.shadergraph
  artifactKey: Guid(86b8bf6df6c319442a060882110e8128) Importer(815301076,1909f56bfc062723c751e8b465ee728b)
Start importing Assets/Shaders/New Shader Graph.shadergraph using Guid(86b8bf6df6c319442a060882110e8128) Importer(815301076,1909f56bfc062723c751e8b465ee728b)  -> (artifact id: 'b623217b23dddeaabf9cb62035a868aa') in 0.005489 seconds 
  Import took 0.009383 seconds .

========================================================================
Received Import Request.
  Time since last request: 10.797536 seconds.
  path: Assets/Shaders/Test.shadergraph
  artifactKey: Guid(86b8bf6df6c319442a060882110e8128) Importer(815301076,1909f56bfc062723c751e8b465ee728b)
Start importing Assets/Shaders/Test.shadergraph using Guid(86b8bf6df6c319442a060882110e8128) Importer(815301076,1909f56bfc062723c751e8b465ee728b)  -> (artifact id: '942d54c8661ea11a6694c2cafd50980e') in 0.004457 seconds 
  Import took 0.008099 seconds .

========================================================================
Received Import Request.
  Time since last request: 127.856546 seconds.
  path: Assets/Shaders/New Shader Graph.shadergraph
  artifactKey: Guid(22c5c6522681bcf40a71b68f8a5240fe) Importer(815301076,1909f56bfc062723c751e8b465ee728b)
Start importing Assets/Shaders/New Shader Graph.shadergraph using Guid(22c5c6522681bcf40a71b68f8a5240fe) Importer(815301076,1909f56bfc062723c751e8b465ee728b)  -> (artifact id: 'b6f78e00ccf19796ef726b7026742ef7') in 0.002186 seconds 
  Import took 0.005850 seconds .

========================================================================
Received Import Request.
  Time since last request: 45.825299 seconds.
  path: Assets/Shaders/New Shader Graph.shadergraph
  artifactKey: Guid(22c5c6522681bcf40a71b68f8a5240fe) Importer(815301076,1909f56bfc062723c751e8b465ee728b)
Start importing Assets/Shaders/New Shader Graph.shadergraph using Guid(22c5c6522681bcf40a71b68f8a5240fe) Importer(815301076,1909f56bfc062723c751e8b465ee728b)  -> (artifact id: 'f537159f68812a0ac7823081136e2079') in 0.002076 seconds 
  Import took 0.005200 seconds .

========================================================================
Received Import Request.
  Time since last request: 212.411544 seconds.
  path: Assets/Shaders/New Shader Graph.shadergraph
  artifactKey: Guid(22c5c6522681bcf40a71b68f8a5240fe) Importer(815301076,1909f56bfc062723c751e8b465ee728b)
Start importing Assets/Shaders/New Shader Graph.shadergraph using Guid(22c5c6522681bcf40a71b68f8a5240fe) Importer(815301076,1909f56bfc062723c751e8b465ee728b)  -> (artifact id: '0f5995b2cb8488b8935f8445e3f378d3') in 0.002876 seconds 
  Import took 0.006079 seconds .

========================================================================
Received Import Request.
  Time since last request: 4.841533 seconds.
  path: Assets/Shaders/Test.shadergraph
  artifactKey: Guid(22c5c6522681bcf40a71b68f8a5240fe) Importer(815301076,1909f56bfc062723c751e8b465ee728b)
Start importing Assets/Shaders/Test.shadergraph using Guid(22c5c6522681bcf40a71b68f8a5240fe) Importer(815301076,1909f56bfc062723c751e8b465ee728b)  -> (artifact id: 'f98e60d7b74086b55345a0c7be3a9207') in 0.002257 seconds 
  Import took 0.005813 seconds .

========================================================================
Received Import Request.
  Time since last request: 335.038578 seconds.
  path: Assets/Assets.index
  artifactKey: Guid(1025a40b662431846aeac8912ae946a3) Importer(815301076,1909f56bfc062723c751e8b465ee728b)
Start importing Assets/Assets.index using Guid(1025a40b662431846aeac8912ae946a3) Importer(815301076,1909f56bfc062723c751e8b465ee728b)  -> (artifact id: '1b42e597a14212f4f585b025c33eeadc') in 0.079755 seconds 
  Import took 0.083742 seconds .

========================================================================
Received Import Request.
  Time since last request: 25.068402 seconds.
  path: Assets/Scripts/ToonShading.hlsl.txt
  artifactKey: Guid(3361387a36ebe9e479c8aff4b22fed62) Importer(815301076,1909f56bfc062723c751e8b465ee728b)
Start importing Assets/Scripts/ToonShading.hlsl.txt using Guid(3361387a36ebe9e479c8aff4b22fed62) Importer(815301076,1909f56bfc062723c751e8b465ee728b)  -> (artifact id: '62a898e598fe5a252347cfbcc0cfc34a') in 0.017587 seconds 
  Import took 0.020640 seconds .

========================================================================
Received Import Request.
  Time since last request: 9863.246992 seconds.
  path: Assets/Shaders/New Material.mat
  artifactKey: Guid(282a02d1c35c8d041bf93434990b9717) Importer(815301076,1909f56bfc062723c751e8b465ee728b)
Start importing Assets/Shaders/New Material.mat using Guid(282a02d1c35c8d041bf93434990b9717) Importer(815301076,1909f56bfc062723c751e8b465ee728b)  -> (artifact id: '0ffb550b9cb41b647e090da41805bc99') in 0.138507 seconds 
  Import took 0.142557 seconds .

========================================================================
Received Import Request.
  Time since last request: 37.386092 seconds.
  path: Assets/TextMesh Pro/Resources/Fonts & Materials/LiberationSans SDF - Fallback.asset
  artifactKey: Guid(2e498d1c8094910479dc3e1b768306a4) Importer(815301076,1909f56bfc062723c751e8b465ee728b)
Start importing Assets/TextMesh Pro/Resources/Fonts & Materials/LiberationSans SDF - Fallback.asset using Guid(2e498d1c8094910479dc3e1b768306a4) Importer(815301076,1909f56bfc062723c751e8b465ee728b)  -> (artifact id: '878391fe3cc46b1250f76b81fe433a8f') in 0.094678 seconds 
  Import took 0.098453 seconds .

========================================================================
Received Import Request.
  Time since last request: 0.000128 seconds.
  path: Assets/TextMesh Pro/Examples & Extras/Resources/Fonts & Materials/Roboto-Bold SDF - Drop Shadow.mat
  artifactKey: Guid(b246c4190f4e46ec9352fe15a7b09ce0) Importer(815301076,1909f56bfc062723c751e8b465ee728b)
Start importing Assets/TextMesh Pro/Examples & Extras/Resources/Fonts & Materials/Roboto-Bold SDF - Drop Shadow.mat using Guid(b246c4190f4e46ec9352fe15a7b09ce0) Importer(815301076,1909f56bfc062723c751e8b465ee728b)  -> (artifact id: '92527d881b0cee0130b65cc8c3c0329a') in 0.063336 seconds 
  Import took 0.066914 seconds .

========================================================================
Received Import Request.
  Time since last request: 0.000166 seconds.
  path: Assets/TextMesh Pro/Fonts/Righteous/Righteous-Regular SDF.asset
  artifactKey: Guid(e781910dd80d94f4381a3ee12fff1dd2) Importer(815301076,1909f56bfc062723c751e8b465ee728b)
Start importing Assets/TextMesh Pro/Fonts/Righteous/Righteous-Regular SDF.asset using Guid(e781910dd80d94f4381a3ee12fff1dd2) Importer(815301076,1909f56bfc062723c751e8b465ee728b)  -> (artifact id: 'fbffcd763ae2bdf26c4593950a3b6431') in 0.023971 seconds 
  Import took 0.027582 seconds .

========================================================================
Received Import Request.
  Time since last request: 0.000149 seconds.
  path: Assets/TextMesh Pro/Resources/Fonts & Materials/LiberationSans SDF.asset
  artifactKey: Guid(8f586378b4e144a9851e7b34d9b748ee) Importer(815301076,1909f56bfc062723c751e8b465ee728b)
Start importing Assets/TextMesh Pro/Resources/Fonts & Materials/LiberationSans SDF.asset using Guid(8f586378b4e144a9851e7b34d9b748ee) Importer(815301076,1909f56bfc062723c751e8b465ee728b)  -> (artifact id: '7e7c028a9619735c31d0863638e93175') in 0.024097 seconds 
  Import took 0.027694 seconds .

========================================================================
Received Import Request.
  Time since last request: 0.000128 seconds.
  path: Assets/TextMesh Pro/Examples & Extras/Resources/Fonts & Materials/Roboto-Bold SDF.asset
  artifactKey: Guid(5302535af1044152a457ed104f1f4b91) Importer(815301076,1909f56bfc062723c751e8b465ee728b)
Start importing Assets/TextMesh Pro/Examples & Extras/Resources/Fonts & Materials/Roboto-Bold SDF.asset using Guid(5302535af1044152a457ed104f1f4b91) Importer(815301076,1909f56bfc062723c751e8b465ee728b)  -> (artifact id: '0aafd5083bce0a92a3a64425556050d5') in 0.204780 seconds 
  Import took 0.208138 seconds .

========================================================================
Received Import Request.
  Time since last request: 0.000130 seconds.
  path: Assets/TextMesh Pro/Examples & Extras/Resources/Fonts & Materials/Oswald Bold SDF.asset
  artifactKey: Guid(0161d805a3764c089bef00bfe00793f5) Importer(815301076,1909f56bfc062723c751e8b465ee728b)
Start importing Assets/TextMesh Pro/Examples & Extras/Resources/Fonts & Materials/Oswald Bold SDF.asset using Guid(0161d805a3764c089bef00bfe00793f5) Importer(815301076,1909f56bfc062723c751e8b465ee728b)  -> (artifact id: '01fc666970cfe7c271da81cabd67afaf') in 0.030800 seconds 
  Import took 0.034187 seconds .

========================================================================
Received Import Request.
  Time since last request: 0.000125 seconds.
  path: Assets/TextMesh Pro/Examples & Extras/Resources/Fonts & Materials/Roboto-Bold SDF - Surface.mat
  artifactKey: Guid(e6b276ec991f467aa14ef1f3cc665993) Importer(815301076,1909f56bfc062723c751e8b465ee728b)
Start importing Assets/TextMesh Pro/Examples & Extras/Resources/Fonts & Materials/Roboto-Bold SDF - Surface.mat using Guid(e6b276ec991f467aa14ef1f3cc665993) Importer(815301076,1909f56bfc062723c751e8b465ee728b)  -> (artifact id: 'f684419648d1b4ce27d35c915941862f') in 0.012556 seconds 
  Import took 0.015813 seconds .

========================================================================
Received Import Request.
  Time since last request: 897.556555 seconds.
  path: Assets/Shaders/New Material.mat
  artifactKey: Guid(282a02d1c35c8d041bf93434990b9717) Importer(815301076,1909f56bfc062723c751e8b465ee728b)
Start importing Assets/Shaders/New Material.mat using Guid(282a02d1c35c8d041bf93434990b9717) Importer(815301076,1909f56bfc062723c751e8b465ee728b)  -> (artifact id: '6e20799d4a67f10c69a6e3f650e2f69c') in 0.019122 seconds 
  Import took 0.023161 seconds .

========================================================================
Received Import Request.
  Time since last request: 1747.044281 seconds.
  path: Assets/Shaders/Game.mat
  artifactKey: Guid(282a02d1c35c8d041bf93434990b9717) Importer(815301076,1909f56bfc062723c751e8b465ee728b)
Start importing Assets/Shaders/Game.mat using Guid(282a02d1c35c8d041bf93434990b9717) Importer(815301076,1909f56bfc062723c751e8b465ee728b)  -> (artifact id: 'f564c2a4d0b6d3577b144a56cdd23771') in 0.019597 seconds 
  Import took 0.023700 seconds .

========================================================================
Received Import Request.
  Time since last request: 177.224229 seconds.
  path: Assets/Shaders/Game.mat
  artifactKey: Guid(282a02d1c35c8d041bf93434990b9717) Importer(815301076,1909f56bfc062723c751e8b465ee728b)
Start importing Assets/Shaders/Game.mat using Guid(282a02d1c35c8d041bf93434990b9717) Importer(815301076,1909f56bfc062723c751e8b465ee728b)  -> (artifact id: 'b594b9d80bb3fb84857a2948d11d0d0d') in 0.014084 seconds 
  Import took 0.017394 seconds .

========================================================================
Received Import Request.
  Time since last request: 3426.739540 seconds.
  path: Assets/Audios
  artifactKey: Guid(d1bcab3f7e019e346ad6ec47d2e45484) Importer(815301076,1909f56bfc062723c751e8b465ee728b)
Start importing Assets/Audios using Guid(d1bcab3f7e019e346ad6ec47d2e45484) Importer(815301076,1909f56bfc062723c751e8b465ee728b)  -> (artifact id: 'c67666614b8acd923221644fd37e1da2') in 0.003602 seconds 
  Import took 0.007710 seconds .

========================================================================
Received Import Request.
  Time since last request: 222.377287 seconds.
  path: Assets/Audios/Gonna Fly Now (8 Bit Disco Version) [Tribute to ROCKY] - 8 Bit Universe.mp3
  artifactKey: Guid(239dcf1715817da46ba1a6aeaaf6d728) Importer(815301076,1909f56bfc062723c751e8b465ee728b)
Start importing Assets/Audios/Gonna Fly Now (8 Bit Disco Version) [Tribute to ROCKY] - 8 Bit Universe.mp3 using Guid(239dcf1715817da46ba1a6aeaaf6d728) Importer(815301076,1909f56bfc062723c751e8b465ee728b)  -> (artifact id: '52419d47f97e94abae238c21fdde5c9c') in 0.018913 seconds 
  Import took 0.023601 seconds .

========================================================================
Received Prepare
Registering precompiled user dll's ...
Registered in 0.001769 seconds.
Begin MonoManager ReloadAssembly
Native extension for WindowsStandalone target not found
Native extension for OSXStandalone target not found
Refreshing native plugins compatible for Editor in 0.37 ms, found 2 plugins.
Preloading 0 native plugins for Editor in 0.00 ms.
Mono: successfully reloaded assembly
- Completed reload, in  0.667 seconds
Domain Reload Profiling:
	ReloadAssembly (667ms)
		BeginReloadAssembly (94ms)
			ExecutionOrderSort (0ms)
			DisableScriptedObjects (4ms)
			BackupInstance (0ms)
			ReleaseScriptingObjects (0ms)
			CreateAndSetChildDomain (28ms)
		EndReloadAssembly (537ms)
			LoadAssemblies (53ms)
			RebuildTransferFunctionScriptingTraits (0ms)
			SetupTypeCache (191ms)
			ReleaseScriptCaches (1ms)
			RebuildScriptCaches (27ms)
			SetupLoadedEditorAssemblies (180ms)
				LogAssemblyErrors (0ms)
				InitializePlatformSupportModulesInManaged (3ms)
				SetLoadedEditorAssemblies (0ms)
				RefreshPlugins (0ms)
				BeforeProcessingInitializeOnLoad (38ms)
				ProcessInitializeOnLoadAttributes (129ms)
				ProcessInitializeOnLoadMethodAttributes (8ms)
				AfterProcessingInitializeOnLoad (1ms)
				EditorAssembliesLoaded (0ms)
			ExecutionOrderSort2 (0ms)
			AwakeInstancesAfterBackupRestoration (9ms)
Platform modules already initialized, skipping
Refreshing native plugins compatible for Editor in 0.38 ms, found 2 plugins.
Preloading 0 native plugins for Editor in 0.00 ms.
Unloading 2843 Unused Serialized files (Serialized files now loaded: 0)
System memory in use before: 132.0 MB.
System memory in use after: 132.3 MB.

Unloading 15 unused Assets to reduce memory usage. Loaded Objects now: 3487.
Total: 2.087800 ms (FindLiveObjects: 0.183100 ms CreateObjectMapping: 0.074400 ms MarkObjects: 1.817100 ms  DeleteObjects: 0.012100 ms)

AssetImportParameters requested are different than current active one (requested -> active):
  custom:framework-win-MediaFoundation: 216162199b28c13a410421893ffa2e32 -> 
  custom:video-decoder-ogg-theora: a1e56fd34408186e4bbccfd4996cb3dc -> 
  custom:container-muxer-webm: aa71ff27fc2769a1b78a27578f13a17b -> 
  custom:container-demuxer-webm: 4f35f7cbe854078d1ac9338744f61a02 -> 
  custom:container-demuxer-ogg: 62fdf1f143b41e24485cea50d1cbac27 -> 
  custom:video-encoder-webm-vp8: eb34c28f22e8b96e1ab97ce403110664 -> 
  custom:video-codec-MediaFoundation-h265: e54d7ab0439102e2317fc1e4b246158d -> 
  custom:video-decoder-webm-vp8: 9c59270c3fd7afecdb556c50c9e8de78 -> 
  custom:audio-decoder-ogg-vorbis: bf7c407c2cedff20999df2af8eb42d56 -> 
  custom:audio-encoder-webm-vorbis: bf7c407c2cedff20999df2af8eb42d56 -> 
========================================================================
Received Prepare
Registering precompiled user dll's ...
Registered in 0.001720 seconds.
Begin MonoManager ReloadAssembly
Native extension for WindowsStandalone target not found
Native extension for OSXStandalone target not found
Refreshing native plugins compatible for Editor in 0.37 ms, found 2 plugins.
Preloading 0 native plugins for Editor in 0.00 ms.
Mono: successfully reloaded assembly
- Completed reload, in  0.617 seconds
Domain Reload Profiling:
	ReloadAssembly (617ms)
		BeginReloadAssembly (69ms)
			ExecutionOrderSort (0ms)
			DisableScriptedObjects (3ms)
			BackupInstance (0ms)
			ReleaseScriptingObjects (0ms)
			CreateAndSetChildDomain (23ms)
		EndReloadAssembly (514ms)
			LoadAssemblies (50ms)
			RebuildTransferFunctionScriptingTraits (0ms)
			SetupTypeCache (181ms)
			ReleaseScriptCaches (1ms)
			RebuildScriptCaches (25ms)
			SetupLoadedEditorAssemblies (176ms)
				LogAssemblyErrors (0ms)
				InitializePlatformSupportModulesInManaged (3ms)
				SetLoadedEditorAssemblies (0ms)
				RefreshPlugins (0ms)
				BeforeProcessingInitializeOnLoad (37ms)
				ProcessInitializeOnLoadAttributes (126ms)
				ProcessInitializeOnLoadMethodAttributes (8ms)
				AfterProcessingInitializeOnLoad (1ms)
				EditorAssembliesLoaded (0ms)
			ExecutionOrderSort2 (0ms)
			AwakeInstancesAfterBackupRestoration (9ms)
Platform modules already initialized, skipping
Refreshing native plugins compatible for Editor in 0.39 ms, found 2 plugins.
Preloading 0 native plugins for Editor in 0.00 ms.
Unloading 2842 Unused Serialized files (Serialized files now loaded: 0)
System memory in use before: 131.8 MB.
System memory in use after: 132.1 MB.

Unloading 15 unused Assets to reduce memory usage. Loaded Objects now: 3489.
Total: 2.112500 ms (FindLiveObjects: 0.182300 ms CreateObjectMapping: 0.084200 ms MarkObjects: 1.832000 ms  DeleteObjects: 0.012900 ms)

AssetImportParameters requested are different than current active one (requested -> active):
  custom:framework-win-MediaFoundation: 216162199b28c13a410421893ffa2e32 -> 
  custom:video-decoder-ogg-theora: a1e56fd34408186e4bbccfd4996cb3dc -> 
  custom:container-muxer-webm: aa71ff27fc2769a1b78a27578f13a17b -> 
  custom:container-demuxer-webm: 4f35f7cbe854078d1ac9338744f61a02 -> 
  custom:container-demuxer-ogg: 62fdf1f143b41e24485cea50d1cbac27 -> 
  custom:video-encoder-webm-vp8: eb34c28f22e8b96e1ab97ce403110664 -> 
  custom:video-codec-MediaFoundation-h265: e54d7ab0439102e2317fc1e4b246158d -> 
  custom:video-decoder-webm-vp8: 9c59270c3fd7afecdb556c50c9e8de78 -> 
  custom:audio-decoder-ogg-vorbis: bf7c407c2cedff20999df2af8eb42d56 -> 
  custom:audio-encoder-webm-vorbis: bf7c407c2cedff20999df2af8eb42d56 -> 
========================================================================
Received Prepare
Registering precompiled user dll's ...
Registered in 0.002023 seconds.
Begin MonoManager ReloadAssembly
Native extension for WindowsStandalone target not found
Native extension for OSXStandalone target not found
Refreshing native plugins compatible for Editor in 0.37 ms, found 2 plugins.
Preloading 0 native plugins for Editor in 0.00 ms.
Mono: successfully reloaded assembly
- Completed reload, in  0.687 seconds
Domain Reload Profiling:
	ReloadAssembly (687ms)
		BeginReloadAssembly (74ms)
			ExecutionOrderSort (0ms)
			DisableScriptedObjects (3ms)
			BackupInstance (0ms)
			ReleaseScriptingObjects (0ms)
			CreateAndSetChildDomain (24ms)
		EndReloadAssembly (572ms)
			LoadAssemblies (54ms)
			RebuildTransferFunctionScriptingTraits (0ms)
			SetupTypeCache (206ms)
			ReleaseScriptCaches (1ms)
			RebuildScriptCaches (29ms)
			SetupLoadedEditorAssemblies (194ms)
				LogAssemblyErrors (0ms)
				InitializePlatformSupportModulesInManaged (3ms)
				SetLoadedEditorAssemblies (0ms)
				RefreshPlugins (0ms)
				BeforeProcessingInitializeOnLoad (44ms)
				ProcessInitializeOnLoadAttributes (136ms)
				ProcessInitializeOnLoadMethodAttributes (9ms)
				AfterProcessingInitializeOnLoad (1ms)
				EditorAssembliesLoaded (0ms)
			ExecutionOrderSort2 (0ms)
			AwakeInstancesAfterBackupRestoration (11ms)
Platform modules already initialized, skipping
Refreshing native plugins compatible for Editor in 0.38 ms, found 2 plugins.
Preloading 0 native plugins for Editor in 0.00 ms.
Unloading 2842 Unused Serialized files (Serialized files now loaded: 0)
System memory in use before: 131.9 MB.
System memory in use after: 132.1 MB.

Unloading 15 unused Assets to reduce memory usage. Loaded Objects now: 3491.
Total: 2.077800 ms (FindLiveObjects: 0.167700 ms CreateObjectMapping: 0.067000 ms MarkObjects: 1.825900 ms  DeleteObjects: 0.016300 ms)

AssetImportParameters requested are different than current active one (requested -> active):
  custom:framework-win-MediaFoundation: 216162199b28c13a410421893ffa2e32 -> 
  custom:video-decoder-ogg-theora: a1e56fd34408186e4bbccfd4996cb3dc -> 
  custom:container-muxer-webm: aa71ff27fc2769a1b78a27578f13a17b -> 
  custom:container-demuxer-webm: 4f35f7cbe854078d1ac9338744f61a02 -> 
  custom:container-demuxer-ogg: 62fdf1f143b41e24485cea50d1cbac27 -> 
  custom:video-encoder-webm-vp8: eb34c28f22e8b96e1ab97ce403110664 -> 
  custom:video-codec-MediaFoundation-h265: e54d7ab0439102e2317fc1e4b246158d -> 
  custom:video-decoder-webm-vp8: 9c59270c3fd7afecdb556c50c9e8de78 -> 
  custom:audio-decoder-ogg-vorbis: bf7c407c2cedff20999df2af8eb42d56 -> 
  custom:audio-encoder-webm-vorbis: bf7c407c2cedff20999df2af8eb42d56 -> 
AssetImportWorkerClient::OnTransportError - code=2 error=End of file
